Job: 189
Job ejecutandose /ᐠ. .ᐟ\ฅ
En el path simulador ദ്ദി/ᐠ• ˕ •マ.ᐟ
export ok ૮₍˶•⤙•˶₎ა
Docker existe y disponible ૮₍˶•⩊•˶₎ა
Initializing virtualenv
./init_env.sh: line 14: pyenv: command not found
Virtualenv is ON
Mattersim import ok
librerias import ok
MatterSim use ok
Number of available GPUs: 7
GPU 0: NVIDIA TITAN RTX
GPU 1: NVIDIA TITAN RTX
GPU 2: NVIDIA TITAN RTX
GPU 3: NVIDIA GeForce RTX 2080 Ti
GPU 4: NVIDIA GeForce RTX 2080 SUPER
GPU 5: NVIDIA GeForce GTX 1080 Ti
GPU 6: NVIDIA GeForce GTX 1080 Ti
Job 189 terminado wi ฅ^._.^ฅ
